数据目录：_golden_data  周期基准：2026-07-18
=== 数据进门验证 ===
  ✓ 6 个数据源格式全部正常
数据库：/Users/evanlee/Documents/甲骨易实习/项目/利润看板可视化项目（系统）/程序/看板正式程序/_golden_data/看板.db  台账fetch：local_fallback（共享不可达（/tmp/golden_share/示意收单台账.xlsx），用数据目录现有台账（体检黄；部署机上应可达））
  标准表：std_收入明细=8407 std_下单=8407 std_回款=1246 std_内部译员=6377 std_费用明细=385  手填迁移：skipped(0)
  运行结果：黄  调整：套用0/过期0/剔除0

=== 数据体检 ===
  项目明细(智云)                   8407 行  覆盖: 1月、2月、3月、4月、5月、6月、7月
  下单(智云)                     8407 行  覆盖: 1月、2月、3月、4月、5月、6月、7月
  回款(智云)                     1246 行  覆盖: 1月、2月、3月、4月、5月、6月、7月
  内部译员·IN-HOUSE(智云)          6377 行  覆盖: 1月、2月、3月、4月、5月、6月、7月
  收单台账                        385 行  覆盖: 1月、2月、3月、4月、5月、6月、7月
  ⚠ 需注意：
    - 项目明细(智云) 有 498 行归属日期晚于今天（样例 2026-07-29、2026-07-27、2026-07-31…），已计入对应未来月、不拦截
    - 下单(智云) 有 36 行归属日期晚于今天（样例 2026-07-20、2026-07-20、2026-07-24…），已计入对应未来月、不拦截
    - 回款(智云) 有 79 行归属日期晚于今天（样例 2026-07-28、2026-07-24、2026-07-19…），已计入对应未来月、不拦截
    - 内部译员(智云) 有 398 行归属日期晚于今天（样例 2026-07-22、2026-07-23、2026-07-19…），已计入对应未来月、不拦截
    - 收单台账 有 18 行归属日期晚于今天（样例 2026-07-24、2026-07-29、2026-07-21…），已计入对应未来月、不拦截

=== 2026年 累计 ===
  收入 4,363,373.5万  毛利率 42.38%  税前利润 1,690,817.1万 (38.75%)

✓ HTML → /Users/evanlee/Documents/甲骨易实习/项目/利润看板可视化项目（系统）/程序/看板正式程序/output/经营驾驶舱.html  (6,307,826 bytes)
E2E:0
