数据目录：数据  周期基准：2026-07-19
=== 数据进门验证 ===
  ⚠ [项目明细(智云)] 激活 sheet 名是「Sheet」，真实导出应为「项目明细」——确认没导错表
  ⚠ [下单(智云)] 激活 sheet 名是「Sheet」，真实导出应为「下单」——确认没导错表
  ⚠ [回款记录(智云)] 激活 sheet 名是「Sheet」，真实导出应为「回款记录」——确认没导错表
  ⚠ [内部译员(智云)] 激活 sheet 名是「Sheet」，真实导出应为「任务」——确认没导错表
数据库：/Users/evanlee/Documents/甲骨易实习/项目/利润看板可视化项目（系统）/程序/看板正式程序/数据/看板.db  台账fetch：local_fallback（共享不可达（\\192.168.10.151\财务部\lara.zhao\收单台账.xlsx），用数据目录现有台账（体检黄；部署机上应可达））
  标准表：std_收入明细=5225 std_下单=4240 std_回款=1029 std_内部译员=3703 std_费用明细=1473  手填迁移：skipped(0)
  运行结果：黄  调整：套用0/过期0/剔除0

=== 数据体检 ===
  项目明细(智云)                   5225 行  覆盖: 1月、2月、3月、4月、5月、6月、7月
  下单(智云)                     4240 行  覆盖: 1月、2月、3月、4月、5月、6月、7月
  回款(智云)                     1029 行  覆盖: 1月、2月、3月、4月、5月、6月、7月
  内部译员·IN-HOUSE(智云)          3703 行  覆盖: 1月、2月、3月、4月、5月、6月、7月、10月
  收单台账                       1473 行  覆盖: 1月、2月、3月、4月、5月、6月、7月
  ⚠ 需注意：
    - 内部译员(智云) 有 1 行归属日期晚于今天（样例 2026-10-31），已计入对应未来月、不拦截
    - 台账 242 笔费用的利润归属中心『多语营销』不在 BU 名单（¥64.5 万）——不进任何 BU 直记也不进公共池，请到设置核对 BU 名或修正台账

=== 2026年 累计 ===
  收入 623,121.0万  毛利率 42.28%  税前利润 153,090.7万 (24.57%)

✓ HTML → /Users/evanlee/Documents/甲骨易实习/项目/利润看板可视化项目（系统）/程序/看板正式程序/output/经营驾驶舱.html  (7,738,365 bytes)
OFFLINE:0
