Traceback (most recent call last):
  File "/Users/evanlee/Documents/甲骨易实习/项目/利润看板可视化项目（系统）/程序/看板正式程序/tests/perf_check.py", line 184, in <module>
    raise SystemExit(main())
                     ^^^^^^
  File "/Users/evanlee/Documents/甲骨易实习/项目/利润看板可视化项目（系统）/程序/看板正式程序/tests/perf_check.py", line 136, in main
    page.wait_for_selector(".toolbar, .el-table", timeout=15000)
  File "/Users/evanlee/Documents/甲骨易实习/项目/利润看板可视化项目（系统）/程序/看板正式程序/.venv/lib/python3.12/site-packages/playwright/sync_api/_generated.py", line 8928, in wait_for_selector
    self._sync(
  File "/Users/evanlee/Documents/甲骨易实习/项目/利润看板可视化项目（系统）/程序/看板正式程序/.venv/lib/python3.12/site-packages/playwright/_impl/_sync_base.py", line 115, in _sync
    return task.result()
           ^^^^^^^^^^^^^
  File "/Users/evanlee/Documents/甲骨易实习/项目/利润看板可视化项目（系统）/程序/看板正式程序/.venv/lib/python3.12/site-packages/playwright/_impl/_page.py", line 427, in wait_for_selector
    return await self._main_frame.wait_for_selector(**locals_to_params(locals()))
           ^^^^^^^^^^^^^^^^^^^^^^^^^^^^^^^^^^^^^^^^^^^^^^^^^^^^^^^^^^^^^^^^^^^^^^
  File "/Users/evanlee/Documents/甲骨易实习/项目/利润看板可视化项目（系统）/程序/看板正式程序/.venv/lib/python3.12/site-packages/playwright/_impl/_frame.py", line 394, in wait_for_selector
    await self._channel.send(
  File "/Users/evanlee/Documents/甲骨易实习/项目/利润看板可视化项目（系统）/程序/看板正式程序/.venv/lib/python3.12/site-packages/playwright/_impl/_connection.py", line 69, in send
    return await self._connection.wrap_api_call(
           ^^^^^^^^^^^^^^^^^^^^^^^^^^^^^^^^^^^^^
  File "/Users/evanlee/Documents/甲骨易实习/项目/利润看板可视化项目（系统）/程序/看板正式程序/.venv/lib/python3.12/site-packages/playwright/_impl/_connection.py", line 563, in wrap_api_call
    raise rewrite_error(error, f"{parsed_st['apiName']}: {error}") from None
playwright._impl._errors.TimeoutError: Page.wait_for_selector: Timeout 15000ms exceeded.
Call log:
  - waiting for locator(".toolbar, .el-table") to be visible

PERF_EXIT:1
